<?xml version="1.0" encoding="UTF-8"?>
<coverage generated="1764189054516" clover="3.2.0">
  <project timestamp="1764189054516" name="All files">
    <metrics statements="98" coveredstatements="84" conditionals="80" coveredconditionals="42" methods="25" coveredmethods="22" elements="203" coveredelements="148" complexity="0" loc="98" ncloc="98" packages="1" files="2" classes="2"/>
    <file name="App.jsx" path="C:\Users\ethan\OneDrive\Documents\SWENG861\WeeklyAssignmentProject\frontend\src\App.jsx">
      <metrics statements="97" coveredstatements="84" conditionals="80" coveredconditionals="42" methods="25" coveredmethods="22"/>
      <line num="6" count="1" type="stmt"/>
      <line num="13" count="112" type="stmt"/>
      <line num="14" count="112" type="stmt"/>
      <line num="15" count="112" type="stmt"/>
      <line num="17" count="112" type="stmt"/>
      <line num="18" count="112" type="stmt"/>
      <line num="19" count="112" type="stmt"/>
      <line num="21" count="112" type="stmt"/>
      <line num="22" count="12" type="stmt"/>
      <line num="23" count="12" type="stmt"/>
      <line num="24" count="6" type="stmt"/>
      <line num="26" count="5" type="stmt"/>
      <line num="28" count="11" type="stmt"/>
      <line num="32" count="112" type="stmt"/>
      <line num="34" count="112" type="stmt"/>
      <line num="35" count="1" type="stmt"/>
      <line num="36" count="1" type="stmt"/>
      <line num="37" count="1" type="stmt"/>
      <line num="38" count="1" type="stmt"/>
      <line num="39" count="1" type="stmt"/>
      <line num="40" count="1" type="stmt"/>
      <line num="42" count="0" type="cond" truecount="0" falsecount="2"/>
      <line num="46" count="112" type="stmt"/>
      <line num="47" count="2" type="stmt"/>
      <line num="48" count="2" type="stmt"/>
      <line num="49" count="2" type="stmt"/>
      <line num="50" count="2" type="stmt"/>
      <line num="51" count="1" type="stmt"/>
      <line num="52" count="1" type="stmt"/>
      <line num="54" count="1" type="cond" truecount="1" falsecount="1"/>
      <line num="58" count="112" type="stmt"/>
      <line num="59" count="1" type="stmt"/>
      <line num="60" count="1" type="stmt"/>
      <line num="63" count="112" type="stmt"/>
      <line num="64" count="1" type="stmt"/>
      <line num="67" count="112" type="cond" truecount="2" falsecount="0"/>
      <line num="68" count="12" type="stmt"/>
      <line num="75" count="100" type="cond" truecount="2" falsecount="0"/>
      <line num="76" count="100" type="stmt"/>
      <line num="95" count="48" type="stmt"/>
      <line num="107" count="34" type="stmt"/>
      <line num="146" count="63" type="stmt"/>
      <line num="147" count="63" type="stmt"/>
      <line num="148" count="63" type="stmt"/>
      <line num="149" count="63" type="stmt"/>
      <line num="150" count="63" type="stmt"/>
      <line num="158" count="63" type="stmt"/>
      <line num="159" count="9" type="stmt"/>
      <line num="160" count="9" type="stmt"/>
      <line num="161" count="9" type="stmt"/>
      <line num="162" count="9" type="stmt"/>
      <line num="163" count="8" type="stmt"/>
      <line num="165" count="1" type="cond" truecount="1" falsecount="1"/>
      <line num="167" count="9" type="stmt"/>
      <line num="171" count="63" type="stmt"/>
      <line num="172" count="8" type="stmt"/>
      <line num="175" count="63" type="stmt"/>
      <line num="176" count="41" type="stmt"/>
      <line num="177" count="41" type="stmt"/>
      <line num="180" count="63" type="stmt"/>
      <line num="181" count="1" type="stmt"/>
      <line num="188" count="1" type="stmt"/>
      <line num="191" count="63" type="stmt"/>
      <line num="192" count="2" type="stmt"/>
      <line num="193" count="2" type="stmt"/>
      <line num="195" count="2" type="stmt"/>
      <line num="205" count="2" type="cond" truecount="3" falsecount="1"/>
      <line num="206" count="0" type="stmt"/>
      <line num="207" count="0" type="stmt"/>
      <line num="210" count="2" type="stmt"/>
      <line num="211" count="2" type="cond" truecount="1" falsecount="1"/>
      <line num="212" count="0" type="stmt"/>
      <line num="214" count="2" type="stmt"/>
      <line num="216" count="1" type="stmt"/>
      <line num="217" count="1" type="stmt"/>
      <line num="219" count="1" type="cond" truecount="1" falsecount="1"/>
      <line num="223" count="63" type="stmt"/>
      <line num="224" count="0" type="stmt"/>
      <line num="225" count="0" type="stmt"/>
      <line num="234" count="63" type="stmt"/>
      <line num="235" count="1" type="stmt"/>
      <line num="236" count="1" type="stmt"/>
      <line num="237" count="1" type="stmt"/>
      <line num="238" count="1" type="stmt"/>
      <line num="240" count="0" type="cond" truecount="0" falsecount="2"/>
      <line num="245" count="63" type="stmt"/>
      <line num="246" count="0" type="stmt"/>
      <line num="247" count="0" type="stmt"/>
      <line num="248" count="0" type="stmt"/>
      <line num="249" count="0" type="stmt"/>
      <line num="251" count="0" type="cond" truecount="0" falsecount="2"/>
      <line num="255" count="63" type="stmt"/>
      <line num="382" count="1" type="stmt"/>
      <line num="383" count="18" type="stmt"/>
      <line num="393" count="4" type="stmt"/>
      <line num="417" count="0" type="stmt"/>
      <line num="424" count="1" type="stmt"/>
    </file>
    <file name="main.jsx" path="C:\Users\ethan\OneDrive\Documents\SWENG861\WeeklyAssignmentProject\frontend\src\main.jsx">
      <metrics statements="1" coveredstatements="0" conditionals="0" coveredconditionals="0" methods="0" coveredmethods="0"/>
      <line num="6" count="0" type="stmt"/>
    </file>
  </project>
</coverage>
