{"C:\\Users\\ethan\\OneDrive\\Documents\\SWENG861\\WeeklyAssignmentProject\\frontend\\src\\App.jsx": {"path":"C:\\Users\\ethan\\OneDrive\\Documents\\SWENG861\\WeeklyAssignmentProject\\frontend\\src\\App.jsx","statementMap":{"0":{"start":{"line":6,"column":12},"end":{"line":10,"column":2}},"1":{"start":{"line":13,"column":26},"end":{"line":13,"column":40}},"2":{"start":{"line":14,"column":32},"end":{"line":14,"column":46}},"3":{"start":{"line":15,"column":24},"end":{"line":15,"column":36}},"4":{"start":{"line":17,"column":28},"end":{"line":17,"column":40}},"5":{"start":{"line":18,"column":34},"end":{"line":18,"column":46}},"6":{"start":{"line":19,"column":26},"end":{"line":19,"column":38}},"7":{"start":{"line":21,"column":20},"end":{"line":30,"column":8}},"8":{"start":{"line":22,"column":4},"end":{"line":29,"column":5}},"9":{"start":{"line":23,"column":18},"end":{"line":23,"column":42}},"10":{"start":{"line":24,"column":6},"end":{"line":24,"column":29}},"11":{"start":{"line":26,"column":6},"end":{"line":26,"column":20}},"12":{"start":{"line":28,"column":6},"end":{"line":28,"column":24}},"13":{"start":{"line":32,"column":2},"end":{"line":32,"column":49}},"14":{"start":{"line":32,"column":20},"end":{"line":32,"column":32}},"15":{"start":{"line":34,"column":19},"end":{"line":44,"column":3}},"16":{"start":{"line":35,"column":4},"end":{"line":35,"column":23}},"17":{"start":{"line":36,"column":4},"end":{"line":36,"column":15}},"18":{"start":{"line":37,"column":4},"end":{"line":43,"column":5}},"19":{"start":{"line":38,"column":18},"end":{"line":38,"column":83}},"20":{"start":{"line":39,"column":6},"end":{"line":39,"column":29}},"21":{"start":{"line":40,"column":6},"end":{"line":40,"column":22}},"22":{"start":{"line":42,"column":6},"end":{"line":42,"column":65}},"23":{"start":{"line":46,"column":16},"end":{"line":56,"column":3}},"24":{"start":{"line":47,"column":4},"end":{"line":47,"column":23}},"25":{"start":{"line":48,"column":4},"end":{"line":48,"column":15}},"26":{"start":{"line":49,"column":4},"end":{"line":55,"column":5}},"27":{"start":{"line":50,"column":18},"end":{"line":50,"column":74}},"28":{"start":{"line":51,"column":6},"end":{"line":51,"column":29}},"29":{"start":{"line":52,"column":6},"end":{"line":52,"column":22}},"30":{"start":{"line":54,"column":6},"end":{"line":54,"column":58}},"31":{"start":{"line":58,"column":17},"end":{"line":61,"column":3}},"32":{"start":{"line":59,"column":4},"end":{"line":59,"column":35}},"33":{"start":{"line":60,"column":4},"end":{"line":60,"column":18}},"34":{"start":{"line":63,"column":22},"end":{"line":65,"column":3}},"35":{"start":{"line":64,"column":4},"end":{"line":64,"column":42}},"36":{"start":{"line":67,"column":2},"end":{"line":73,"column":3}},"37":{"start":{"line":68,"column":4},"end":{"line":72,"column":6}},"38":{"start":{"line":75,"column":20},"end":{"line":75,"column":61}},"39":{"start":{"line":76,"column":2},"end":{"line":141,"column":4}},"40":{"start":{"line":95,"column":35},"end":{"line":95,"column":59}},"41":{"start":{"line":107,"column":35},"end":{"line":107,"column":62}},"42":{"start":{"line":146,"column":28},"end":{"line":146,"column":40}},"43":{"start":{"line":147,"column":42},"end":{"line":147,"column":56}},"44":{"start":{"line":148,"column":28},"end":{"line":148,"column":40}},"45":{"start":{"line":149,"column":36},"end":{"line":149,"column":50}},"46":{"start":{"line":150,"column":26},"end":{"line":156,"column":4}},"47":{"start":{"line":158,"column":20},"end":{"line":169,"column":8}},"48":{"start":{"line":159,"column":4},"end":{"line":168,"column":5}},"49":{"start":{"line":160,"column":6},"end":{"line":160,"column":19}},"50":{"start":{"line":161,"column":6},"end":{"line":161,"column":28}},"51":{"start":{"line":162,"column":18},"end":{"line":162,"column":45}},"52":{"start":{"line":163,"column":6},"end":{"line":163,"column":25}},"53":{"start":{"line":165,"column":6},"end":{"line":165,"column":67}},"54":{"start":{"line":167,"column":6},"end":{"line":167,"column":29}},"55":{"start":{"line":171,"column":2},"end":{"line":173,"column":18}},"56":{"start":{"line":172,"column":4},"end":{"line":172,"column":16}},"57":{"start":{"line":175,"column":23},"end":{"line":178,"column":3}},"58":{"start":{"line":176,"column":28},"end":{"line":176,"column":36}},"59":{"start":{"line":177,"column":4},"end":{"line":177,"column":52}},"60":{"start":{"line":177,"column":23},"end":{"line":177,"column":49}},"61":{"start":{"line":180,"column":20},"end":{"line":189,"column":3}},"62":{"start":{"line":181,"column":4},"end":{"line":187,"column":7}},"63":{"start":{"line":188,"column":4},"end":{"line":188,"column":23}},"64":{"start":{"line":191,"column":23},"end":{"line":221,"column":3}},"65":{"start":{"line":192,"column":4},"end":{"line":192,"column":23}},"66":{"start":{"line":193,"column":4},"end":{"line":193,"column":17}},"67":{"start":{"line":195,"column":20},"end":{"line":203,"column":5}},"68":{"start":{"line":205,"column":4},"end":{"line":208,"column":5}},"69":{"start":{"line":206,"column":6},"end":{"line":206,"column":48}},"70":{"start":{"line":207,"column":6},"end":{"line":207,"column":13}},"71":{"start":{"line":210,"column":4},"end":{"line":220,"column":5}},"72":{"start":{"line":211,"column":6},"end":{"line":215,"column":7}},"73":{"start":{"line":212,"column":8},"end":{"line":212,"column":58}},"74":{"start":{"line":214,"column":8},"end":{"line":214,"column":46}},"75":{"start":{"line":216,"column":6},"end":{"line":216,"column":18}},"76":{"start":{"line":217,"column":6},"end":{"line":217,"column":18}},"77":{"start":{"line":219,"column":6},"end":{"line":219,"column":67}},"78":{"start":{"line":223,"column":23},"end":{"line":232,"column":8}},"79":{"start":{"line":224,"column":4},"end":{"line":224,"column":27}},"80":{"start":{"line":225,"column":4},"end":{"line":231,"column":7}},"81":{"start":{"line":234,"column":23},"end":{"line":242,"column":8}},"82":{"start":{"line":235,"column":4},"end":{"line":235,"column":17}},"83":{"start":{"line":236,"column":4},"end":{"line":241,"column":5}},"84":{"start":{"line":237,"column":6},"end":{"line":237,"column":43}},"85":{"start":{"line":238,"column":6},"end":{"line":238,"column":59}},"86":{"start":{"line":238,"column":25},"end":{"line":238,"column":57}},"87":{"start":{"line":238,"column":44},"end":{"line":238,"column":56}},"88":{"start":{"line":240,"column":6},"end":{"line":240,"column":68}},"89":{"start":{"line":245,"column":23},"end":{"line":253,"column":3}},"90":{"start":{"line":246,"column":4},"end":{"line":246,"column":17}},"91":{"start":{"line":247,"column":4},"end":{"line":252,"column":5}},"92":{"start":{"line":248,"column":6},"end":{"line":248,"column":67}},"93":{"start":{"line":249,"column":6},"end":{"line":249,"column":18}},"94":{"start":{"line":251,"column":6},"end":{"line":251,"column":69}},"95":{"start":{"line":255,"column":2},"end":{"line":378,"column":4}},"96":{"start":{"line":382,"column":18},"end":{"line":435,"column":2}},"97":{"start":{"line":383,"column":2},"end":{"line":434,"column":4}},"98":{"start":{"line":393,"column":12},"end":{"line":429,"column":22}},"99":{"start":{"line":417,"column":33},"end":{"line":417,"column":45}},"100":{"start":{"line":424,"column":33},"end":{"line":424,"column":51}}},"fnMap":{"0":{"name":"App","decl":{"start":{"line":12,"column":24},"end":{"line":12,"column":27}},"loc":{"start":{"line":12,"column":30},"end":{"line":142,"column":1}},"line":12},"1":{"name":"(anonymous_1)","decl":{"start":{"line":21,"column":32},"end":{"line":21,"column":33}},"loc":{"start":{"line":21,"column":44},"end":{"line":30,"column":3}},"line":21},"2":{"name":"(anonymous_2)","decl":{"start":{"line":32,"column":12},"end":{"line":32,"column":13}},"loc":{"start":{"line":32,"column":18},"end":{"line":32,"column":34}},"line":32},"3":{"name":"(anonymous_3)","decl":{"start":{"line":34,"column":19},"end":{"line":34,"column":20}},"loc":{"start":{"line":34,"column":32},"end":{"line":44,"column":3}},"line":34},"4":{"name":"(anonymous_4)","decl":{"start":{"line":46,"column":16},"end":{"line":46,"column":17}},"loc":{"start":{"line":46,"column":29},"end":{"line":56,"column":3}},"line":46},"5":{"name":"(anonymous_5)","decl":{"start":{"line":58,"column":17},"end":{"line":58,"column":18}},"loc":{"start":{"line":58,"column":29},"end":{"line":61,"column":3}},"line":58},"6":{"name":"(anonymous_6)","decl":{"start":{"line":63,"column":22},"end":{"line":63,"column":23}},"loc":{"start":{"line":63,"column":28},"end":{"line":65,"column":3}},"line":63},"7":{"name":"(anonymous_7)","decl":{"start":{"line":95,"column":28},"end":{"line":95,"column":29}},"loc":{"start":{"line":95,"column":35},"end":{"line":95,"column":59}},"line":95},"8":{"name":"(anonymous_8)","decl":{"start":{"line":107,"column":28},"end":{"line":107,"column":29}},"loc":{"start":{"line":107,"column":35},"end":{"line":107,"column":62}},"line":107},"9":{"name":"BooksPage","decl":{"start":{"line":145,"column":9},"end":{"line":145,"column":18}},"loc":{"start":{"line":145,"column":39},"end":{"line":379,"column":1}},"line":145},"10":{"name":"(anonymous_10)","decl":{"start":{"line":158,"column":32},"end":{"line":158,"column":33}},"loc":{"start":{"line":158,"column":44},"end":{"line":169,"column":3}},"line":158},"11":{"name":"(anonymous_11)","decl":{"start":{"line":171,"column":12},"end":{"line":171,"column":13}},"loc":{"start":{"line":171,"column":18},"end":{"line":173,"column":3}},"line":171},"12":{"name":"(anonymous_12)","decl":{"start":{"line":175,"column":23},"end":{"line":175,"column":24}},"loc":{"start":{"line":175,"column":30},"end":{"line":178,"column":3}},"line":175},"13":{"name":"(anonymous_13)","decl":{"start":{"line":177,"column":12},"end":{"line":177,"column":13}},"loc":{"start":{"line":177,"column":23},"end":{"line":177,"column":49}},"line":177},"14":{"name":"(anonymous_14)","decl":{"start":{"line":180,"column":20},"end":{"line":180,"column":21}},"loc":{"start":{"line":180,"column":26},"end":{"line":189,"column":3}},"line":180},"15":{"name":"(anonymous_15)","decl":{"start":{"line":191,"column":23},"end":{"line":191,"column":24}},"loc":{"start":{"line":191,"column":36},"end":{"line":221,"column":3}},"line":191},"16":{"name":"(anonymous_16)","decl":{"start":{"line":223,"column":35},"end":{"line":223,"column":36}},"loc":{"start":{"line":223,"column":45},"end":{"line":232,"column":3}},"line":223},"17":{"name":"(anonymous_17)","decl":{"start":{"line":234,"column":35},"end":{"line":234,"column":36}},"loc":{"start":{"line":234,"column":49},"end":{"line":242,"column":3}},"line":234},"18":{"name":"(anonymous_18)","decl":{"start":{"line":238,"column":15},"end":{"line":238,"column":16}},"loc":{"start":{"line":238,"column":25},"end":{"line":238,"column":57}},"line":238},"19":{"name":"(anonymous_19)","decl":{"start":{"line":238,"column":37},"end":{"line":238,"column":38}},"loc":{"start":{"line":238,"column":44},"end":{"line":238,"column":56}},"line":238},"20":{"name":"(anonymous_20)","decl":{"start":{"line":245,"column":23},"end":{"line":245,"column":24}},"loc":{"start":{"line":245,"column":35},"end":{"line":253,"column":3}},"line":245},"21":{"name":"BooksList","decl":{"start":{"line":382,"column":32},"end":{"line":382,"column":41}},"loc":{"start":{"line":382,"column":80},"end":{"line":435,"column":1}},"line":382},"22":{"name":"(anonymous_22)","decl":{"start":{"line":392,"column":21},"end":{"line":392,"column":22}},"loc":{"start":{"line":393,"column":12},"end":{"line":429,"column":22}},"line":393},"23":{"name":"(anonymous_23)","decl":{"start":{"line":417,"column":27},"end":{"line":417,"column":28}},"loc":{"start":{"line":417,"column":33},"end":{"line":417,"column":45}},"line":417},"24":{"name":"(anonymous_24)","decl":{"start":{"line":424,"column":27},"end":{"line":424,"column":28}},"loc":{"start":{"line":424,"column":33},"end":{"line":424,"column":51}},"line":424}},"branchMap":{"0":{"loc":{"start":{"line":42,"column":13},"end":{"line":42,"column":63}},"type":"binary-expr","locations":[{"start":{"line":42,"column":13},"end":{"line":42,"column":38}},{"start":{"line":42,"column":42},"end":{"line":42,"column":63}}],"line":42},"1":{"loc":{"start":{"line":54,"column":13},"end":{"line":54,"column":56}},"type":"binary-expr","locations":[{"start":{"line":54,"column":13},"end":{"line":54,"column":38}},{"start":{"line":54,"column":42},"end":{"line":54,"column":56}}],"line":54},"2":{"loc":{"start":{"line":67,"column":2},"end":{"line":73,"column":3}},"type":"if","locations":[{"start":{"line":67,"column":2},"end":{"line":73,"column":3}},{"start":{},"end":{}}],"line":67},"3":{"loc":{"start":{"line":75,"column":20},"end":{"line":75,"column":61}},"type":"cond-expr","locations":[{"start":{"line":75,"column":27},"end":{"line":75,"column":42}},{"start":{"line":75,"column":45},"end":{"line":75,"column":61}}],"line":75},"4":{"loc":{"start":{"line":79,"column":23},"end":{"line":79,"column":55}},"type":"cond-expr","locations":[{"start":{"line":79,"column":30},"end":{"line":79,"column":46}},{"start":{"line":79,"column":49},"end":{"line":79,"column":55}}],"line":79},"5":{"loc":{"start":{"line":80,"column":9},"end":{"line":138,"column":9}},"type":"cond-expr","locations":[{"start":{"line":81,"column":10},"end":{"line":135,"column":13}},{"start":{"line":137,"column":10},"end":{"line":137,"column":53}}],"line":80},"6":{"loc":{"start":{"line":85,"column":13},"end":{"line":85,"column":67}},"type":"binary-expr","locations":[{"start":{"line":85,"column":13},"end":{"line":85,"column":16}},{"start":{"line":85,"column":20},"end":{"line":85,"column":67}}],"line":85},"7":{"loc":{"start":{"line":165,"column":15},"end":{"line":165,"column":65}},"type":"binary-expr","locations":[{"start":{"line":165,"column":15},"end":{"line":165,"column":39}},{"start":{"line":165,"column":43},"end":{"line":165,"column":65}}],"line":165},"8":{"loc":{"start":{"line":198,"column":14},"end":{"line":198,"column":58}},"type":"cond-expr","locations":[{"start":{"line":198,"column":28},"end":{"line":198,"column":46}},{"start":{"line":198,"column":49},"end":{"line":198,"column":58}}],"line":198},"9":{"loc":{"start":{"line":199,"column":26},"end":{"line":201,"column":19}},"type":"cond-expr","locations":[{"start":{"line":200,"column":10},"end":{"line":200,"column":41}},{"start":{"line":201,"column":10},"end":{"line":201,"column":19}}],"line":199},"10":{"loc":{"start":{"line":202,"column":12},"end":{"line":202,"column":52}},"type":"cond-expr","locations":[{"start":{"line":202,"column":24},"end":{"line":202,"column":40}},{"start":{"line":202,"column":43},"end":{"line":202,"column":52}}],"line":202},"11":{"loc":{"start":{"line":205,"column":4},"end":{"line":208,"column":5}},"type":"if","locations":[{"start":{"line":205,"column":4},"end":{"line":208,"column":5}},{"start":{},"end":{}}],"line":205},"12":{"loc":{"start":{"line":205,"column":8},"end":{"line":205,"column":41}},"type":"binary-expr","locations":[{"start":{"line":205,"column":8},"end":{"line":205,"column":23}},{"start":{"line":205,"column":27},"end":{"line":205,"column":41}}],"line":205},"13":{"loc":{"start":{"line":211,"column":6},"end":{"line":215,"column":7}},"type":"if","locations":[{"start":{"line":211,"column":6},"end":{"line":215,"column":7}},{"start":{"line":213,"column":13},"end":{"line":215,"column":7}}],"line":211},"14":{"loc":{"start":{"line":219,"column":15},"end":{"line":219,"column":65}},"type":"binary-expr","locations":[{"start":{"line":219,"column":15},"end":{"line":219,"column":40}},{"start":{"line":219,"column":44},"end":{"line":219,"column":65}}],"line":219},"15":{"loc":{"start":{"line":226,"column":14},"end":{"line":226,"column":31}},"type":"binary-expr","locations":[{"start":{"line":226,"column":14},"end":{"line":226,"column":25}},{"start":{"line":226,"column":29},"end":{"line":226,"column":31}}],"line":226},"16":{"loc":{"start":{"line":227,"column":13},"end":{"line":227,"column":29}},"type":"binary-expr","locations":[{"start":{"line":227,"column":13},"end":{"line":227,"column":23}},{"start":{"line":227,"column":27},"end":{"line":227,"column":29}}],"line":227},"17":{"loc":{"start":{"line":228,"column":14},"end":{"line":228,"column":31}},"type":"binary-expr","locations":[{"start":{"line":228,"column":14},"end":{"line":228,"column":25}},{"start":{"line":228,"column":29},"end":{"line":228,"column":31}}],"line":228},"18":{"loc":{"start":{"line":229,"column":26},"end":{"line":229,"column":55}},"type":"binary-expr","locations":[{"start":{"line":229,"column":26},"end":{"line":229,"column":49}},{"start":{"line":229,"column":53},"end":{"line":229,"column":55}}],"line":229},"19":{"loc":{"start":{"line":230,"column":12},"end":{"line":230,"column":27}},"type":"binary-expr","locations":[{"start":{"line":230,"column":12},"end":{"line":230,"column":21}},{"start":{"line":230,"column":25},"end":{"line":230,"column":27}}],"line":230},"20":{"loc":{"start":{"line":240,"column":15},"end":{"line":240,"column":66}},"type":"binary-expr","locations":[{"start":{"line":240,"column":15},"end":{"line":240,"column":39}},{"start":{"line":240,"column":43},"end":{"line":240,"column":66}}],"line":240},"21":{"loc":{"start":{"line":251,"column":15},"end":{"line":251,"column":67}},"type":"binary-expr","locations":[{"start":{"line":251,"column":15},"end":{"line":251,"column":39}},{"start":{"line":251,"column":43},"end":{"line":251,"column":67}}],"line":251},"22":{"loc":{"start":{"line":260,"column":18},"end":{"line":260,"column":52}},"type":"cond-expr","locations":[{"start":{"line":260,"column":31},"end":{"line":260,"column":47}},{"start":{"line":260,"column":50},"end":{"line":260,"column":52}}],"line":260},"23":{"loc":{"start":{"line":264,"column":11},"end":{"line":271,"column":11}},"type":"binary-expr","locations":[{"start":{"line":264,"column":11},"end":{"line":264,"column":25}},{"start":{"line":265,"column":12},"end":{"line":270,"column":14}}],"line":264},"24":{"loc":{"start":{"line":273,"column":40},"end":{"line":273,"column":62}},"type":"binary-expr","locations":[{"start":{"line":273,"column":40},"end":{"line":273,"column":49}},{"start":{"line":273,"column":53},"end":{"line":273,"column":62}}],"line":273},"25":{"loc":{"start":{"line":274,"column":41},"end":{"line":274,"column":65}},"type":"binary-expr","locations":[{"start":{"line":274,"column":41},"end":{"line":274,"column":51}},{"start":{"line":274,"column":55},"end":{"line":274,"column":65}}],"line":274},"26":{"loc":{"start":{"line":285,"column":7},"end":{"line":289,"column":7}},"type":"binary-expr","locations":[{"start":{"line":285,"column":7},"end":{"line":285,"column":12}},{"start":{"line":286,"column":8},"end":{"line":288,"column":14}}],"line":285},"27":{"loc":{"start":{"line":294,"column":13},"end":{"line":294,"column":51}},"type":"cond-expr","locations":[{"start":{"line":294,"column":25},"end":{"line":294,"column":36}},{"start":{"line":294,"column":39},"end":{"line":294,"column":51}}],"line":294},"28":{"loc":{"start":{"line":353,"column":17},"end":{"line":353,"column":58}},"type":"cond-expr","locations":[{"start":{"line":353,"column":29},"end":{"line":353,"column":42}},{"start":{"line":353,"column":45},"end":{"line":353,"column":58}}],"line":353},"29":{"loc":{"start":{"line":355,"column":15},"end":{"line":363,"column":15}},"type":"binary-expr","locations":[{"start":{"line":355,"column":15},"end":{"line":355,"column":24}},{"start":{"line":356,"column":16},"end":{"line":362,"column":25}}],"line":355},"30":{"loc":{"start":{"line":386,"column":7},"end":{"line":432,"column":7}},"type":"cond-expr","locations":[{"start":{"line":387,"column":8},"end":{"line":387,"column":51}},{"start":{"line":388,"column":10},"end":{"line":432,"column":7}}],"line":386},"31":{"loc":{"start":{"line":388,"column":10},"end":{"line":432,"column":7}},"type":"cond-expr","locations":[{"start":{"line":389,"column":8},"end":{"line":389,"column":80}},{"start":{"line":391,"column":8},"end":{"line":431,"column":14}}],"line":388},"32":{"loc":{"start":{"line":397,"column":19},"end":{"line":397,"column":65}},"type":"binary-expr","locations":[{"start":{"line":397,"column":19},"end":{"line":397,"column":30}},{"start":{"line":397,"column":34},"end":{"line":397,"column":65}}],"line":397},"33":{"loc":{"start":{"line":400,"column":19},"end":{"line":400,"column":60}},"type":"binary-expr","locations":[{"start":{"line":400,"column":19},"end":{"line":400,"column":30}},{"start":{"line":400,"column":34},"end":{"line":400,"column":60}}],"line":400},"34":{"loc":{"start":{"line":401,"column":19},"end":{"line":401,"column":81}},"type":"binary-expr","locations":[{"start":{"line":401,"column":19},"end":{"line":401,"column":30}},{"start":{"line":401,"column":35},"end":{"line":401,"column":58}},{"start":{"line":401,"column":62},"end":{"line":401,"column":71}},{"start":{"line":401,"column":76},"end":{"line":401,"column":81}}],"line":401},"35":{"loc":{"start":{"line":402,"column":19},"end":{"line":404,"column":19}},"type":"binary-expr","locations":[{"start":{"line":402,"column":19},"end":{"line":402,"column":42}},{"start":{"line":403,"column":20},"end":{"line":403,"column":75}}],"line":402},"36":{"loc":{"start":{"line":405,"column":19},"end":{"line":410,"column":19}},"type":"binary-expr","locations":[{"start":{"line":405,"column":19},"end":{"line":405,"column":28}},{"start":{"line":406,"column":20},"end":{"line":409,"column":23}}],"line":405},"37":{"loc":{"start":{"line":407,"column":23},"end":{"line":407,"column":74}},"type":"cond-expr","locations":[{"start":{"line":407,"column":64},"end":{"line":407,"column":69}},{"start":{"line":407,"column":72},"end":{"line":407,"column":74}}],"line":407},"38":{"loc":{"start":{"line":407,"column":23},"end":{"line":407,"column":61}},"type":"binary-expr","locations":[{"start":{"line":407,"column":23},"end":{"line":407,"column":34}},{"start":{"line":407,"column":38},"end":{"line":407,"column":61}}],"line":407}},"s":{"0":1,"1":112,"2":112,"3":112,"4":112,"5":112,"6":112,"7":112,"8":12,"9":12,"10":6,"11":5,"12":11,"13":112,"14":12,"15":112,"16":1,"17":1,"18":1,"19":1,"20":1,"21":1,"22":0,"23":112,"24":2,"25":2,"26":2,"27":2,"28":1,"29":1,"30":1,"31":112,"32":1,"33":1,"34":112,"35":1,"36":112,"37":12,"38":100,"39":100,"40":48,"41":34,"42":63,"43":63,"44":63,"45":63,"46":63,"47":63,"48":9,"49":9,"50":9,"51":9,"52":8,"53":1,"54":9,"55":63,"56":8,"57":63,"58":41,"59":41,"60":41,"61":63,"62":1,"63":1,"64":63,"65":2,"66":2,"67":2,"68":2,"69":0,"70":0,"71":2,"72":2,"73":0,"74":2,"75":1,"76":1,"77":1,"78":63,"79":0,"80":0,"81":63,"82":1,"83":1,"84":1,"85":1,"86":1,"87":1,"88":0,"89":63,"90":0,"91":0,"92":0,"93":0,"94":0,"95":63,"96":1,"97":18,"98":4,"99":0,"100":1},"f":{"0":112,"1":12,"2":12,"3":1,"4":2,"5":1,"6":1,"7":48,"8":34,"9":63,"10":9,"11":8,"12":41,"13":41,"14":1,"15":2,"16":0,"17":1,"18":1,"19":1,"20":0,"21":18,"22":4,"23":0,"24":1},"b":{"0":[0,0],"1":[1,0],"2":[12,100],"3":[8,92],"4":[8,92],"5":[92,8],"6":[92,1],"7":[1,0],"8":[0,2],"9":[0,2],"10":[0,2],"11":[0,2],"12":[2,2],"13":[0,2],"14":[1,0],"15":[0,0],"16":[0,0],"17":[0,0],"18":[0,0],"19":[0,0],"20":[0,0],"21":[0,0],"22":[63,0],"23":[63,0],"24":[63,0],"25":[63,0],"26":[63,2],"27":[0,63],"28":[0,63],"29":[63,0],"30":[8,10],"31":[7,3],"32":[4,4],"33":[4,3],"34":[4,3,3,0],"35":[4,0],"36":[4,0],"37":[0,0],"38":[0,0]},"_coverageSchema":"1a1c01bbd47fc00a2c39e90264f33305004495a9","hash":"c6600fde56859c4568cd62f0fd05e260b5b80d7e"}
,"C:\\Users\\ethan\\OneDrive\\Documents\\SWENG861\\WeeklyAssignmentProject\\frontend\\src\\main.jsx": {"path":"C:\\Users\\ethan\\OneDrive\\Documents\\SWENG861\\WeeklyAssignmentProject\\frontend\\src\\main.jsx","statementMap":{"0":{"start":{"line":6,"column":0},"end":{"line":10,"column":1}}},"fnMap":{},"branchMap":{},"s":{"0":0},"f":{},"b":{}}
}
