TN:
SF:src\App.jsx
FN:12,App
FN:21,(anonymous_1)
FN:32,(anonymous_2)
FN:34,(anonymous_3)
FN:46,(anonymous_4)
FN:58,(anonymous_5)
FN:63,(anonymous_6)
FN:95,(anonymous_7)
FN:107,(anonymous_8)
FN:145,BooksPage
FN:158,(anonymous_10)
FN:171,(anonymous_11)
FN:175,(anonymous_12)
FN:177,(anonymous_13)
FN:180,(anonymous_14)
FN:191,(anonymous_15)
FN:223,(anonymous_16)
FN:234,(anonymous_17)
FN:238,(anonymous_18)
FN:238,(anonymous_19)
FN:245,(anonymous_20)
FN:382,BooksList
FN:392,(anonymous_22)
FN:417,(anonymous_23)
FN:424,(anonymous_24)
FNF:25
FNH:22
FNDA:112,App
FNDA:12,(anonymous_1)
FNDA:12,(anonymous_2)
FNDA:1,(anonymous_3)
FNDA:2,(anonymous_4)
FNDA:1,(anonymous_5)
FNDA:1,(anonymous_6)
FNDA:48,(anonymous_7)
FNDA:34,(anonymous_8)
FNDA:63,BooksPage
FNDA:9,(anonymous_10)
FNDA:8,(anonymous_11)
FNDA:41,(anonymous_12)
FNDA:41,(anonymous_13)
FNDA:1,(anonymous_14)
FNDA:2,(anonymous_15)
FNDA:0,(anonymous_16)
FNDA:1,(anonymous_17)
FNDA:1,(anonymous_18)
FNDA:1,(anonymous_19)
FNDA:0,(anonymous_20)
FNDA:18,BooksList
FNDA:4,(anonymous_22)
FNDA:0,(anonymous_23)
FNDA:1,(anonymous_24)
DA:6,1
DA:13,112
DA:14,112
DA:15,112
DA:17,112
DA:18,112
DA:19,112
DA:21,112
DA:22,12
DA:23,12
DA:24,6
DA:26,5
DA:28,11
DA:32,112
DA:34,112
DA:35,1
DA:36,1
DA:37,1
DA:38,1
DA:39,1
DA:40,1
DA:42,0
DA:46,112
DA:47,2
DA:48,2
DA:49,2
DA:50,2
DA:51,1
DA:52,1
DA:54,1
DA:58,112
DA:59,1
DA:60,1
DA:63,112
DA:64,1
DA:67,112
DA:68,12
DA:75,100
DA:76,100
DA:95,48
DA:107,34
DA:146,63
DA:147,63
DA:148,63
DA:149,63
DA:150,63
DA:158,63
DA:159,9
DA:160,9
DA:161,9
DA:162,9
DA:163,8
DA:165,1
DA:167,9
DA:171,63
DA:172,8
DA:175,63
DA:176,41
DA:177,41
DA:180,63
DA:181,1
DA:188,1
DA:191,63
DA:192,2
DA:193,2
DA:195,2
DA:205,2
DA:206,0
DA:207,0
DA:210,2
DA:211,2
DA:212,0
DA:214,2
DA:216,1
DA:217,1
DA:219,1
DA:223,63
DA:224,0
DA:225,0
DA:234,63
DA:235,1
DA:236,1
DA:237,1
DA:238,1
DA:240,0
DA:245,63
DA:246,0
DA:247,0
DA:248,0
DA:249,0
DA:251,0
DA:255,63
DA:382,1
DA:383,18
DA:393,4
DA:417,0
DA:424,1
LF:97
LH:84
BRDA:42,0,0,0
BRDA:42,0,1,0
BRDA:54,1,0,1
BRDA:54,1,1,0
BRDA:67,2,0,12
BRDA:67,2,1,100
BRDA:75,3,0,8
BRDA:75,3,1,92
BRDA:79,4,0,8
BRDA:79,4,1,92
BRDA:80,5,0,92
BRDA:80,5,1,8
BRDA:85,6,0,92
BRDA:85,6,1,1
BRDA:165,7,0,1
BRDA:165,7,1,0
BRDA:198,8,0,0
BRDA:198,8,1,2
BRDA:199,9,0,0
BRDA:199,9,1,2
BRDA:202,10,0,0
BRDA:202,10,1,2
BRDA:205,11,0,0
BRDA:205,11,1,2
BRDA:205,12,0,2
BRDA:205,12,1,2
BRDA:211,13,0,0
BRDA:211,13,1,2
BRDA:219,14,0,1
BRDA:219,14,1,0
BRDA:226,15,0,0
BRDA:226,15,1,0
BRDA:227,16,0,0
BRDA:227,16,1,0
BRDA:228,17,0,0
BRDA:228,17,1,0
BRDA:229,18,0,0
BRDA:229,18,1,0
BRDA:230,19,0,0
BRDA:230,19,1,0
BRDA:240,20,0,0
BRDA:240,20,1,0
BRDA:251,21,0,0
BRDA:251,21,1,0
BRDA:260,22,0,63
BRDA:260,22,1,0
BRDA:264,23,0,63
BRDA:264,23,1,0
BRDA:273,24,0,63
BRDA:273,24,1,0
BRDA:274,25,0,63
BRDA:274,25,1,0
BRDA:285,26,0,63
BRDA:285,26,1,2
BRDA:294,27,0,0
BRDA:294,27,1,63
BRDA:353,28,0,0
BRDA:353,28,1,63
BRDA:355,29,0,63
BRDA:355,29,1,0
BRDA:386,30,0,8
BRDA:386,30,1,10
BRDA:388,31,0,7
BRDA:388,31,1,3
BRDA:397,32,0,4
BRDA:397,32,1,4
BRDA:400,33,0,4
BRDA:400,33,1,3
BRDA:401,34,0,4
BRDA:401,34,1,3
BRDA:401,34,2,3
BRDA:401,34,3,0
BRDA:402,35,0,4
BRDA:402,35,1,0
BRDA:405,36,0,4
BRDA:405,36,1,0
BRDA:407,37,0,0
BRDA:407,37,1,0
BRDA:407,38,0,0
BRDA:407,38,1,0
BRF:80
BRH:42
end_of_record
TN:
SF:src\main.jsx
FNF:0
FNH:0
DA:6,0
LF:1
LH:0
BRF:0
BRH:0
end_of_record
