TN:
SF:src\index.js
FN:40,(anonymous_0)
FN:43,(anonymous_1)
FN:69,requireAuth
FN:77,(anonymous_3)
FN:78,(anonymous_4)
FN:82,(anonymous_5)
FN:83,(anonymous_6)
FN:85,(anonymous_7)
FN:90,(anonymous_8)
FN:113,(anonymous_9)
FN:124,(anonymous_10)
FN:125,(anonymous_11)
FN:133,(anonymous_12)
FN:150,(anonymous_13)
FN:160,(anonymous_14)
FN:172,(anonymous_15)
FN:185,(anonymous_16)
FN:192,(anonymous_17)
FNF:18
FNH:0
FNDA:0,(anonymous_0)
FNDA:0,(anonymous_1)
FNDA:0,requireAuth
FNDA:0,(anonymous_3)
FNDA:0,(anonymous_4)
FNDA:0,(anonymous_5)
FNDA:0,(anonymous_6)
FNDA:0,(anonymous_7)
FNDA:0,(anonymous_8)
FNDA:0,(anonymous_9)
FNDA:0,(anonymous_10)
FNDA:0,(anonymous_11)
FNDA:0,(anonymous_12)
FNDA:0,(anonymous_13)
FNDA:0,(anonymous_14)
FNDA:0,(anonymous_15)
FNDA:0,(anonymous_16)
FNDA:0,(anonymous_17)
DA:11,0
DA:20,0
DA:21,0
DA:23,0
DA:24,0
DA:25,0
DA:33,0
DA:35,0
DA:37,0
DA:38,0
DA:41,0
DA:44,0
DA:47,0
DA:48,0
DA:51,0
DA:53,0
DA:66,0
DA:67,0
DA:70,0
DA:71,0
DA:73,0
DA:77,0
DA:78,0
DA:79,0
DA:80,0
DA:82,0
DA:83,0
DA:84,0
DA:85,0
DA:90,0
DA:91,0
DA:92,0
DA:93,0
DA:95,0
DA:96,0
DA:98,0
DA:99,0
DA:101,0
DA:102,0
DA:113,0
DA:114,0
DA:115,0
DA:118,0
DA:119,0
DA:124,0
DA:125,0
DA:126,0
DA:127,0
DA:128,0
DA:130,0
DA:131,0
DA:133,0
DA:134,0
DA:135,0
DA:136,0
DA:138,0
DA:144,0
DA:145,0
DA:152,0
DA:157,0
DA:160,0
DA:161,0
DA:162,0
DA:163,0
DA:164,0
DA:166,0
DA:172,0
DA:173,0
DA:174,0
DA:179,0
DA:180,0
DA:182,0
DA:183,0
DA:185,0
DA:186,0
DA:189,0
DA:192,0
LF:77
LH:0
BRDA:28,0,0,0
BRDA:28,1,0,0
BRDA:28,1,1,0
BRDA:30,2,0,0
BRDA:37,3,0,0
BRDA:37,3,1,0
BRDA:47,4,0,0
BRDA:47,4,1,0
BRDA:55,5,0,0
BRDA:55,5,1,0
BRDA:70,6,0,0
BRDA:70,6,1,0
BRDA:70,7,0,0
BRDA:70,7,1,0
BRDA:79,8,0,0
BRDA:79,8,1,0
BRDA:84,9,0,0
BRDA:84,9,1,0
BRDA:92,10,0,0
BRDA:92,10,1,0
BRDA:93,11,0,0
BRDA:93,11,1,0
BRDA:93,12,0,0
BRDA:93,12,1,0
BRDA:96,13,0,0
BRDA:96,13,1,0
BRDA:99,14,0,0
BRDA:99,14,1,0
BRDA:107,15,0,0
BRDA:107,15,1,0
BRDA:114,16,0,0
BRDA:114,16,1,0
BRDA:126,17,0,0
BRDA:126,17,1,0
BRDA:130,18,0,0
BRDA:130,18,1,0
BRDA:131,19,0,0
BRDA:131,19,1,0
BRDA:134,20,0,0
BRDA:134,20,1,0
BRDA:162,21,0,0
BRDA:162,21,1,0
BRDA:163,22,0,0
BRDA:163,22,1,0
BRDA:182,23,0,0
BRDA:182,23,1,0
BRF:46
BRH:0
end_of_record
TN:
SF:src\passport.js
FN:15,(anonymous_0)
FN:19,(anonymous_1)
FN:36,(anonymous_2)
FN:68,(anonymous_3)
FNF:4
FNH:0
FNDA:0,(anonymous_0)
FNDA:0,(anonymous_1)
FNDA:0,(anonymous_2)
FNDA:0,(anonymous_3)
DA:6,0
DA:8,0
DA:13,0
DA:15,0
DA:16,0
DA:19,0
DA:20,0
DA:21,0
DA:22,0
DA:24,0
DA:30,0
DA:37,0
DA:38,0
DA:39,0
DA:41,0
DA:42,0
DA:45,0
DA:49,0
DA:50,0
DA:53,0
DA:54,0
DA:56,0
DA:58,0
DA:59,0
DA:64,0
DA:69,0
DA:70,0
DA:71,0
DA:72,0
DA:75,0
DA:84,0
DA:86,0
LF:32
LH:0
BRDA:38,0,0,0
BRDA:38,0,1,0
BRDA:39,1,0,0
BRDA:39,1,1,0
BRDA:41,2,0,0
BRDA:41,2,1,0
BRDA:41,3,0,0
BRDA:41,3,1,0
BRDA:49,4,0,0
BRDA:49,4,1,0
BRDA:49,5,0,0
BRDA:49,5,1,0
BRDA:54,6,0,0
BRDA:54,6,1,0
BRDA:70,7,0,0
BRDA:70,7,1,0
BRDA:71,8,0,0
BRDA:71,8,1,0
BRDA:75,9,0,0
BRDA:75,9,1,0
BRDA:80,10,0,0
BRDA:80,10,1,0
BRF:22
BRH:0
end_of_record
TN:
SF:src\__tests__\testApp.js
FN:29,(anonymous_0)
FN:33,(anonymous_1)
FN:40,(anonymous_2)
FN:56,requireAuth
FN:64,(anonymous_4)
FN:67,(anonymous_5)
FN:73,(anonymous_6)
FN:74,(anonymous_7)
FN:76,(anonymous_8)
FN:81,(anonymous_9)
FN:112,(anonymous_10)
FN:123,(anonymous_11)
FN:124,(anonymous_12)
FN:131,(anonymous_13)
FN:144,(anonymous_14)
FN:168,(anonymous_15)
FNF:16
FNH:15
FNDA:24,(anonymous_0)
FNDA:28,(anonymous_1)
FNDA:3,(anonymous_2)
FNDA:33,requireAuth
FNDA:1,(anonymous_4)
FNDA:2,(anonymous_5)
FNDA:2,(anonymous_6)
FNDA:2,(anonymous_7)
FNDA:2,(anonymous_8)
FNDA:27,(anonymous_9)
FNDA:23,(anonymous_10)
FNDA:3,(anonymous_11)
FNDA:3,(anonymous_12)
FNDA:1,(anonymous_13)
FNDA:6,(anonymous_14)
FNDA:0,(anonymous_15)
DA:11,1
DA:13,1
DA:16,1
DA:23,1
DA:24,1
DA:27,1
DA:29,1
DA:30,24
DA:33,1
DA:34,28
DA:35,28
DA:38,1
DA:41,3
DA:44,3
DA:45,2
DA:46,2
DA:47,2
DA:48,1
DA:51,1
DA:57,33
DA:58,31
DA:60,2
DA:64,1
DA:67,1
DA:68,2
DA:69,1
DA:73,1
DA:74,2
DA:75,2
DA:76,2
DA:81,1
DA:82,27
DA:83,27
DA:84,27
DA:85,2
DA:88,25
DA:89,25
DA:90,1
DA:94,24
DA:95,1
DA:96,1
DA:100,23
DA:101,23
DA:110,23
DA:112,23
DA:113,23
DA:114,23
DA:117,0
DA:118,0
DA:123,1
DA:124,3
DA:125,3
DA:126,0
DA:128,3
DA:129,2
DA:131,1
DA:132,1
DA:133,0
DA:135,1
DA:141,1
DA:144,1
DA:145,6
DA:146,6
DA:147,6
DA:148,1
DA:151,5
DA:153,5
DA:154,5
DA:161,5
DA:163,0
DA:168,1
DA:169,0
DA:170,0
LF:73
LH:66
BRDA:35,0,0,28
BRDA:35,0,1,0
BRDA:41,1,0,3
BRDA:41,1,1,0
BRDA:45,2,0,2
BRDA:45,2,1,0
BRDA:45,3,0,2
BRDA:45,3,1,2
BRDA:47,4,0,1
BRDA:47,4,1,1
BRDA:57,5,0,31
BRDA:57,5,1,2
BRDA:57,6,0,33
BRDA:57,6,1,33
BRDA:68,7,0,1
BRDA:68,7,1,1
BRDA:75,8,0,0
BRDA:75,8,1,2
BRDA:83,9,0,27
BRDA:83,9,1,0
BRDA:84,10,0,2
BRDA:84,10,1,25
BRDA:84,11,0,27
BRDA:84,11,1,26
BRDA:89,12,0,1
BRDA:89,12,1,24
BRDA:95,13,0,1
BRDA:95,13,1,0
BRDA:106,14,0,23
BRDA:106,14,1,0
BRDA:113,15,0,0
BRDA:113,15,1,23
BRDA:125,16,0,0
BRDA:125,16,1,3
BRDA:128,17,0,2
BRDA:128,17,1,1
BRDA:129,18,0,2
BRDA:129,18,1,0
BRDA:132,19,0,0
BRDA:132,19,1,1
BRDA:146,20,0,6
BRDA:146,20,1,0
BRDA:147,21,0,1
BRDA:147,21,1,5
BRDA:147,22,0,6
BRDA:147,22,1,5
BRF:46
BRH:34
end_of_record
TN:
SF:src\books\Book.js
FNF:0
FNH:0
DA:4,1
DA:6,1
LF:2
LH:2
BRF:0
BRH:0
end_of_record
TN:
SF:src\books\bookRoutes.js
FN:8,(anonymous_0)
FN:18,(anonymous_1)
FN:29,(anonymous_2)
FN:40,(anonymous_3)
FN:55,(anonymous_4)
FNF:5
FNH:5
FNDA:4,(anonymous_0)
FNDA:3,(anonymous_1)
FNDA:8,(anonymous_2)
FNDA:2,(anonymous_3)
FNDA:2,(anonymous_4)
DA:5,1
DA:8,1
DA:9,4
DA:10,4
DA:11,4
DA:13,0
DA:18,1
DA:19,3
DA:20,3
DA:21,3
DA:22,1
DA:24,0
DA:29,1
DA:30,8
DA:32,8
DA:33,8
DA:35,0
DA:40,1
DA:41,2
DA:42,2
DA:47,2
DA:48,1
DA:50,0
DA:55,1
DA:56,2
DA:57,2
DA:58,2
DA:59,1
DA:61,0
LF:29
LH:24
BRDA:21,0,0,2
BRDA:21,0,1,1
BRDA:47,1,0,1
BRDA:47,1,1,1
BRDA:58,2,0,1
BRDA:58,2,1,1
BRF:6
BRH:6
end_of_record
TN:
SF:src\books\importBooks.js
FN:6,importBooksFromOpenLibrary
FNF:1
FNH:0
FNDA:0,importBooksFromOpenLibrary
DA:7,0
DA:8,0
DA:9,0
DA:12,0
DA:13,0
DA:20,0
LF:6
LH:0
BRDA:6,0,0,0
BRDA:8,1,0,0
BRDA:8,1,1,0
BRF:3
BRH:0
end_of_record
TN:
SF:src\books\openLibraryService.js
FN:4,searchBooks
FNF:1
FNH:0
FNDA:0,searchBooks
DA:5,0
DA:9,0
LF:2
LH:0
BRF:0
BRH:0
end_of_record
TN:
SF:src\books\validation.js
FN:12,validateAndTransform
FNF:1
FNH:1
FNDA:9,validateAndTransform
DA:4,1
DA:13,9
DA:14,9
DA:15,12
DA:16,12
DA:17,8
DA:26,9
LF:7
LH:7
BRDA:16,0,0,8
BRDA:16,0,1,4
BRDA:20,1,0,2
BRDA:20,1,1,6
BRDA:22,2,0,2
BRDA:22,2,1,6
BRF:6
BRH:6
end_of_record
